2023-09-03 21:12:14,922 ERROR org.springframework.boot.SpringApplication [main] Application run failed
java.lang.IllegalStateException: java.lang.IllegalStateException: Logback configuration error detected: 
ERROR in ch.qos.logback.classic.pattern.LoggerConverter@6622fc65 - failed to parse integer string [1.] java.lang.NumberFormatException: For input string: "1."
	at org.springframework.boot.context.logging.LoggingApplicationListener.initializeSystem(LoggingApplicationListener.java:347)
	at org.springframework.boot.context.logging.LoggingApplicationListener.initialize(LoggingApplicationListener.java:298)
	at org.springframework.boot.context.logging.LoggingApplicationListener.onApplicationEnvironmentPreparedEvent(LoggingApplicationListener.java:246)
	at org.springframework.boot.context.logging.LoggingApplicationListener.onApplicationEvent(LoggingApplicationListener.java:223)
	at org.springframework.context.event.SimpleApplicationEventMulticaster.doInvokeListener(SimpleApplicationEventMulticaster.java:172)
	at org.springframework.context.event.SimpleApplicationEventMulticaster.invokeListener(SimpleApplicationEventMulticaster.java:165)
	at org.springframework.context.event.SimpleApplicationEventMulticaster.multicastEvent(SimpleApplicationEventMulticaster.java:143)
	at org.springframework.context.event.SimpleApplicationEventMulticaster.multicastEvent(SimpleApplicationEventMulticaster.java:131)
	at org.springframework.boot.context.event.EventPublishingRunListener.multicastInitialEvent(EventPublishingRunListener.java:136)
	at org.springframework.boot.context.event.EventPublishingRunListener.environmentPrepared(EventPublishingRunListener.java:81)
	at org.springframework.boot.SpringApplicationRunListeners.lambda$environmentPrepared$2(SpringApplicationRunListeners.java:64)
	at java.base/java.lang.Iterable.forEach(Iterable.java:75)
	at org.springframework.boot.SpringApplicationRunListeners.doWithListeners(SpringApplicationRunListeners.java:118)
	at org.springframework.boot.SpringApplicationRunListeners.doWithListeners(SpringApplicationRunListeners.java:112)
	at org.springframework.boot.SpringApplicationRunListeners.environmentPrepared(SpringApplicationRunListeners.java:63)
	at org.springframework.boot.SpringApplication.prepareEnvironment(SpringApplication.java:356)
	at org.springframework.boot.SpringApplication.run(SpringApplication.java:307)
	at org.springframework.boot.SpringApplication.run(SpringApplication.java:1306)
	at org.springframework.boot.SpringApplication.run(SpringApplication.java:1295)
	at io.proj3ct.SpringDemoBot.SpringDemoBotApplication.main(SpringDemoBotApplication.java:10)
Caused by: java.lang.IllegalStateException: Logback configuration error detected: 
ERROR in ch.qos.logback.classic.pattern.LoggerConverter@6622fc65 - failed to parse integer string [1.] java.lang.NumberFormatException: For input string: "1."
	at org.springframework.boot.logging.logback.LogbackLoggingSystem.reportConfigurationErrorsIfNecessary(LogbackLoggingSystem.java:269)
	at org.springframework.boot.logging.logback.LogbackLoggingSystem.loadConfiguration(LogbackLoggingSystem.java:247)
	at org.springframework.boot.logging.logback.LogbackLoggingSystem.reinitialize(LogbackLoggingSystem.java:326)
	at org.springframework.boot.logging.AbstractLoggingSystem.initializeWithConventions(AbstractLoggingSystem.java:73)
	at org.springframework.boot.logging.AbstractLoggingSystem.initialize(AbstractLoggingSystem.java:60)
	at org.springframework.boot.logging.logback.LogbackLoggingSystem.initialize(LogbackLoggingSystem.java:187)
	at org.springframework.boot.context.logging.LoggingApplicationListener.initializeSystem(LoggingApplicationListener.java:332)
	... 19 common frames omitted
	Suppressed: java.lang.NumberFormatException: For input string: "1."
		at java.base/java.lang.NumberFormatException.forInputString(NumberFormatException.java:67)
		at java.base/java.lang.Integer.parseInt(Integer.java:668)
		at java.base/java.lang.Integer.parseInt(Integer.java:784)
		at ch.qos.logback.classic.pattern.NamedConverter.start(NamedConverter.java:92)
		at ch.qos.logback.core.pattern.ConverterUtil.startConverters(ConverterUtil.java:37)
		at ch.qos.logback.core.pattern.PatternLayoutBase.start(PatternLayoutBase.java:90)
		at ch.qos.logback.classic.encoder.PatternLayoutEncoder.start(PatternLayoutEncoder.java:28)
		at ch.qos.logback.core.model.processor.ImplicitModelHandler.postHandleComplex(ImplicitModelHandler.java:208)
		at ch.qos.logback.core.model.processor.ImplicitModelHandler.postHandle(ImplicitModelHandler.java:186)
		at ch.qos.logback.core.model.processor.DefaultProcessor.secondPhaseTraverse(DefaultProcessor.java:257)
		at ch.qos.logback.core.model.processor.DefaultProcessor.secondPhaseTraverse(DefaultProcessor.java:253)
		at ch.qos.logback.core.model.processor.DefaultProcessor.secondPhaseTraverse(DefaultProcessor.java:253)
		at ch.qos.logback.core.model.processor.DefaultProcessor.traversalLoop(DefaultProcessor.java:90)
		at ch.qos.logback.core.model.processor.DefaultProcessor.process(DefaultProcessor.java:106)
		at ch.qos.logback.core.joran.GenericXMLConfigurator.processModel(GenericXMLConfigurator.java:208)
		at org.springframework.boot.logging.logback.SpringBootJoranConfigurator.processModel(SpringBootJoranConfigurator.java:122)
		at ch.qos.logback.core.joran.GenericXMLConfigurator.doConfigure(GenericXMLConfigurator.java:170)
		at ch.qos.logback.core.joran.GenericXMLConfigurator.doConfigure(GenericXMLConfigurator.java:122)
		at ch.qos.logback.core.joran.GenericXMLConfigurator.doConfigure(GenericXMLConfigurator.java:65)
		at org.springframework.boot.logging.logback.LogbackLoggingSystem.configureByResourceUrl(LogbackLoggingSystem.java:279)
		at org.springframework.boot.logging.logback.LogbackLoggingSystem.loadConfiguration(LogbackLoggingSystem.java:242)
		... 24 common frames omitted
2023-09-03 21:14:32,715 ERROR org.springframework.boot.SpringApplication [main] Application run failed
java.lang.IllegalStateException: java.lang.IllegalStateException: Logback configuration error detected: 
ERROR in ch.qos.logback.classic.pattern.LoggerConverter@23fb172e - failed to parse integer string [1.] java.lang.NumberFormatException: For input string: "1."
	at org.springframework.boot.context.logging.LoggingApplicationListener.initializeSystem(LoggingApplicationListener.java:347)
	at org.springframework.boot.context.logging.LoggingApplicationListener.initialize(LoggingApplicationListener.java:298)
	at org.springframework.boot.context.logging.LoggingApplicationListener.onApplicationEnvironmentPreparedEvent(LoggingApplicationListener.java:246)
	at org.springframework.boot.context.logging.LoggingApplicationListener.onApplicationEvent(LoggingApplicationListener.java:223)
	at org.springframework.context.event.SimpleApplicationEventMulticaster.doInvokeListener(SimpleApplicationEventMulticaster.java:172)
	at org.springframework.context.event.SimpleApplicationEventMulticaster.invokeListener(SimpleApplicationEventMulticaster.java:165)
	at org.springframework.context.event.SimpleApplicationEventMulticaster.multicastEvent(SimpleApplicationEventMulticaster.java:143)
	at org.springframework.context.event.SimpleApplicationEventMulticaster.multicastEvent(SimpleApplicationEventMulticaster.java:131)
	at org.springframework.boot.context.event.EventPublishingRunListener.multicastInitialEvent(EventPublishingRunListener.java:136)
	at org.springframework.boot.context.event.EventPublishingRunListener.environmentPrepared(EventPublishingRunListener.java:81)
	at org.springframework.boot.SpringApplicationRunListeners.lambda$environmentPrepared$2(SpringApplicationRunListeners.java:64)
	at java.base/java.lang.Iterable.forEach(Iterable.java:75)
	at org.springframework.boot.SpringApplicationRunListeners.doWithListeners(SpringApplicationRunListeners.java:118)
	at org.springframework.boot.SpringApplicationRunListeners.doWithListeners(SpringApplicationRunListeners.java:112)
	at org.springframework.boot.SpringApplicationRunListeners.environmentPrepared(SpringApplicationRunListeners.java:63)
	at org.springframework.boot.SpringApplication.prepareEnvironment(SpringApplication.java:356)
	at org.springframework.boot.SpringApplication.run(SpringApplication.java:307)
	at org.springframework.boot.SpringApplication.run(SpringApplication.java:1306)
	at org.springframework.boot.SpringApplication.run(SpringApplication.java:1295)
	at io.proj3ct.SpringDemoBot.SpringDemoBotApplication.main(SpringDemoBotApplication.java:10)
Caused by: java.lang.IllegalStateException: Logback configuration error detected: 
ERROR in ch.qos.logback.classic.pattern.LoggerConverter@23fb172e - failed to parse integer string [1.] java.lang.NumberFormatException: For input string: "1."
	at org.springframework.boot.logging.logback.LogbackLoggingSystem.reportConfigurationErrorsIfNecessary(LogbackLoggingSystem.java:269)
	at org.springframework.boot.logging.logback.LogbackLoggingSystem.loadConfiguration(LogbackLoggingSystem.java:247)
	at org.springframework.boot.logging.logback.LogbackLoggingSystem.reinitialize(LogbackLoggingSystem.java:326)
	at org.springframework.boot.logging.AbstractLoggingSystem.initializeWithConventions(AbstractLoggingSystem.java:73)
	at org.springframework.boot.logging.AbstractLoggingSystem.initialize(AbstractLoggingSystem.java:60)
	at org.springframework.boot.logging.logback.LogbackLoggingSystem.initialize(LogbackLoggingSystem.java:187)
	at org.springframework.boot.context.logging.LoggingApplicationListener.initializeSystem(LoggingApplicationListener.java:332)
	... 19 common frames omitted
	Suppressed: java.lang.NumberFormatException: For input string: "1."
		at java.base/java.lang.NumberFormatException.forInputString(NumberFormatException.java:67)
		at java.base/java.lang.Integer.parseInt(Integer.java:668)
		at java.base/java.lang.Integer.parseInt(Integer.java:784)
		at ch.qos.logback.classic.pattern.NamedConverter.start(NamedConverter.java:92)
		at ch.qos.logback.core.pattern.ConverterUtil.startConverters(ConverterUtil.java:37)
		at ch.qos.logback.core.pattern.PatternLayoutBase.start(PatternLayoutBase.java:90)
		at ch.qos.logback.classic.encoder.PatternLayoutEncoder.start(PatternLayoutEncoder.java:28)
		at ch.qos.logback.core.model.processor.ImplicitModelHandler.postHandleComplex(ImplicitModelHandler.java:208)
		at ch.qos.logback.core.model.processor.ImplicitModelHandler.postHandle(ImplicitModelHandler.java:186)
		at ch.qos.logback.core.model.processor.DefaultProcessor.secondPhaseTraverse(DefaultProcessor.java:257)
		at ch.qos.logback.core.model.processor.DefaultProcessor.secondPhaseTraverse(DefaultProcessor.java:253)
		at ch.qos.logback.core.model.processor.DefaultProcessor.secondPhaseTraverse(DefaultProcessor.java:253)
		at ch.qos.logback.core.model.processor.DefaultProcessor.traversalLoop(DefaultProcessor.java:90)
		at ch.qos.logback.core.model.processor.DefaultProcessor.process(DefaultProcessor.java:106)
		at ch.qos.logback.core.joran.GenericXMLConfigurator.processModel(GenericXMLConfigurator.java:208)
		at org.springframework.boot.logging.logback.SpringBootJoranConfigurator.processModel(SpringBootJoranConfigurator.java:122)
		at ch.qos.logback.core.joran.GenericXMLConfigurator.doConfigure(GenericXMLConfigurator.java:170)
		at ch.qos.logback.core.joran.GenericXMLConfigurator.doConfigure(GenericXMLConfigurator.java:122)
		at ch.qos.logback.core.joran.GenericXMLConfigurator.doConfigure(GenericXMLConfigurator.java:65)
		at org.springframework.boot.logging.logback.LogbackLoggingSystem.configureByResourceUrl(LogbackLoggingSystem.java:279)
		at org.springframework.boot.logging.logback.LogbackLoggingSystem.loadConfiguration(LogbackLoggingSystem.java:242)
		... 24 common frames omitted
2023-09-03 21:22:27,705 ERROR org.springframework.boot.SpringApplication [main] Application run failed
java.lang.IllegalStateException: java.lang.IllegalStateException: Logback configuration error detected: 
ERROR in ch.qos.logback.classic.pattern.LoggerConverter@25a6944c - failed to parse integer string [1.] java.lang.NumberFormatException: For input string: "1."
	at org.springframework.boot.context.logging.LoggingApplicationListener.initializeSystem(LoggingApplicationListener.java:347)
	at org.springframework.boot.context.logging.LoggingApplicationListener.initialize(LoggingApplicationListener.java:298)
	at org.springframework.boot.context.logging.LoggingApplicationListener.onApplicationEnvironmentPreparedEvent(LoggingApplicationListener.java:246)
	at org.springframework.boot.context.logging.LoggingApplicationListener.onApplicationEvent(LoggingApplicationListener.java:223)
	at org.springframework.context.event.SimpleApplicationEventMulticaster.doInvokeListener(SimpleApplicationEventMulticaster.java:172)
	at org.springframework.context.event.SimpleApplicationEventMulticaster.invokeListener(SimpleApplicationEventMulticaster.java:165)
	at org.springframework.context.event.SimpleApplicationEventMulticaster.multicastEvent(SimpleApplicationEventMulticaster.java:143)
	at org.springframework.context.event.SimpleApplicationEventMulticaster.multicastEvent(SimpleApplicationEventMulticaster.java:131)
	at org.springframework.boot.context.event.EventPublishingRunListener.multicastInitialEvent(EventPublishingRunListener.java:136)
	at org.springframework.boot.context.event.EventPublishingRunListener.environmentPrepared(EventPublishingRunListener.java:81)
	at org.springframework.boot.SpringApplicationRunListeners.lambda$environmentPrepared$2(SpringApplicationRunListeners.java:64)
	at java.base/java.lang.Iterable.forEach(Iterable.java:75)
	at org.springframework.boot.SpringApplicationRunListeners.doWithListeners(SpringApplicationRunListeners.java:118)
	at org.springframework.boot.SpringApplicationRunListeners.doWithListeners(SpringApplicationRunListeners.java:112)
	at org.springframework.boot.SpringApplicationRunListeners.environmentPrepared(SpringApplicationRunListeners.java:63)
	at org.springframework.boot.SpringApplication.prepareEnvironment(SpringApplication.java:356)
	at org.springframework.boot.SpringApplication.run(SpringApplication.java:307)
	at org.springframework.boot.SpringApplication.run(SpringApplication.java:1306)
	at org.springframework.boot.SpringApplication.run(SpringApplication.java:1295)
	at io.proj3ct.SpringDemoBot.SpringDemoBotApplication.main(SpringDemoBotApplication.java:10)
Caused by: java.lang.IllegalStateException: Logback configuration error detected: 
ERROR in ch.qos.logback.classic.pattern.LoggerConverter@25a6944c - failed to parse integer string [1.] java.lang.NumberFormatException: For input string: "1."
	at org.springframework.boot.logging.logback.LogbackLoggingSystem.reportConfigurationErrorsIfNecessary(LogbackLoggingSystem.java:269)
	at org.springframework.boot.logging.logback.LogbackLoggingSystem.loadConfiguration(LogbackLoggingSystem.java:247)
	at org.springframework.boot.logging.logback.LogbackLoggingSystem.reinitialize(LogbackLoggingSystem.java:326)
	at org.springframework.boot.logging.AbstractLoggingSystem.initializeWithConventions(AbstractLoggingSystem.java:73)
	at org.springframework.boot.logging.AbstractLoggingSystem.initialize(AbstractLoggingSystem.java:60)
	at org.springframework.boot.logging.logback.LogbackLoggingSystem.initialize(LogbackLoggingSystem.java:187)
	at org.springframework.boot.context.logging.LoggingApplicationListener.initializeSystem(LoggingApplicationListener.java:332)
	... 19 common frames omitted
	Suppressed: java.lang.NumberFormatException: For input string: "1."
		at java.base/java.lang.NumberFormatException.forInputString(NumberFormatException.java:67)
		at java.base/java.lang.Integer.parseInt(Integer.java:668)
		at java.base/java.lang.Integer.parseInt(Integer.java:784)
		at ch.qos.logback.classic.pattern.NamedConverter.start(NamedConverter.java:92)
		at ch.qos.logback.core.pattern.ConverterUtil.startConverters(ConverterUtil.java:37)
		at ch.qos.logback.core.pattern.PatternLayoutBase.start(PatternLayoutBase.java:90)
		at ch.qos.logback.classic.encoder.PatternLayoutEncoder.start(PatternLayoutEncoder.java:28)
		at ch.qos.logback.core.model.processor.ImplicitModelHandler.postHandleComplex(ImplicitModelHandler.java:208)
		at ch.qos.logback.core.model.processor.ImplicitModelHandler.postHandle(ImplicitModelHandler.java:186)
		at ch.qos.logback.core.model.processor.DefaultProcessor.secondPhaseTraverse(DefaultProcessor.java:257)
		at ch.qos.logback.core.model.processor.DefaultProcessor.secondPhaseTraverse(DefaultProcessor.java:253)
		at ch.qos.logback.core.model.processor.DefaultProcessor.secondPhaseTraverse(DefaultProcessor.java:253)
		at ch.qos.logback.core.model.processor.DefaultProcessor.traversalLoop(DefaultProcessor.java:90)
		at ch.qos.logback.core.model.processor.DefaultProcessor.process(DefaultProcessor.java:106)
		at ch.qos.logback.core.joran.GenericXMLConfigurator.processModel(GenericXMLConfigurator.java:208)
		at org.springframework.boot.logging.logback.SpringBootJoranConfigurator.processModel(SpringBootJoranConfigurator.java:122)
		at ch.qos.logback.core.joran.GenericXMLConfigurator.doConfigure(GenericXMLConfigurator.java:170)
		at ch.qos.logback.core.joran.GenericXMLConfigurator.doConfigure(GenericXMLConfigurator.java:122)
		at ch.qos.logback.core.joran.GenericXMLConfigurator.doConfigure(GenericXMLConfigurator.java:65)
		at org.springframework.boot.logging.logback.LogbackLoggingSystem.configureByResourceUrl(LogbackLoggingSystem.java:279)
		at org.springframework.boot.logging.logback.LogbackLoggingSystem.loadConfiguration(LogbackLoggingSystem.java:242)
		... 24 common frames omitted
2023-09-03 21:24:58,364 ERROR org.springframework.boot.SpringApplication [main] Application run failed
java.lang.IllegalStateException: java.lang.IllegalStateException: Logback configuration error detected: 
ERROR in ch.qos.logback.classic.pattern.LoggerConverter@23fb172e - failed to parse integer string [1.] java.lang.NumberFormatException: For input string: "1."
	at org.springframework.boot.context.logging.LoggingApplicationListener.initializeSystem(LoggingApplicationListener.java:347)
	at org.springframework.boot.context.logging.LoggingApplicationListener.initialize(LoggingApplicationListener.java:298)
	at org.springframework.boot.context.logging.LoggingApplicationListener.onApplicationEnvironmentPreparedEvent(LoggingApplicationListener.java:246)
	at org.springframework.boot.context.logging.LoggingApplicationListener.onApplicationEvent(LoggingApplicationListener.java:223)
	at org.springframework.context.event.SimpleApplicationEventMulticaster.doInvokeListener(SimpleApplicationEventMulticaster.java:172)
	at org.springframework.context.event.SimpleApplicationEventMulticaster.invokeListener(SimpleApplicationEventMulticaster.java:165)
	at org.springframework.context.event.SimpleApplicationEventMulticaster.multicastEvent(SimpleApplicationEventMulticaster.java:143)
	at org.springframework.context.event.SimpleApplicationEventMulticaster.multicastEvent(SimpleApplicationEventMulticaster.java:131)
	at org.springframework.boot.context.event.EventPublishingRunListener.multicastInitialEvent(EventPublishingRunListener.java:136)
	at org.springframework.boot.context.event.EventPublishingRunListener.environmentPrepared(EventPublishingRunListener.java:81)
	at org.springframework.boot.SpringApplicationRunListeners.lambda$environmentPrepared$2(SpringApplicationRunListeners.java:64)
	at java.base/java.lang.Iterable.forEach(Iterable.java:75)
	at org.springframework.boot.SpringApplicationRunListeners.doWithListeners(SpringApplicationRunListeners.java:118)
	at org.springframework.boot.SpringApplicationRunListeners.doWithListeners(SpringApplicationRunListeners.java:112)
	at org.springframework.boot.SpringApplicationRunListeners.environmentPrepared(SpringApplicationRunListeners.java:63)
	at org.springframework.boot.SpringApplication.prepareEnvironment(SpringApplication.java:356)
	at org.springframework.boot.SpringApplication.run(SpringApplication.java:307)
	at org.springframework.boot.SpringApplication.run(SpringApplication.java:1306)
	at org.springframework.boot.SpringApplication.run(SpringApplication.java:1295)
	at io.proj3ct.SpringDemoBot.SpringDemoBotApplication.main(SpringDemoBotApplication.java:10)
Caused by: java.lang.IllegalStateException: Logback configuration error detected: 
ERROR in ch.qos.logback.classic.pattern.LoggerConverter@23fb172e - failed to parse integer string [1.] java.lang.NumberFormatException: For input string: "1."
	at org.springframework.boot.logging.logback.LogbackLoggingSystem.reportConfigurationErrorsIfNecessary(LogbackLoggingSystem.java:269)
	at org.springframework.boot.logging.logback.LogbackLoggingSystem.loadConfiguration(LogbackLoggingSystem.java:247)
	at org.springframework.boot.logging.logback.LogbackLoggingSystem.reinitialize(LogbackLoggingSystem.java:326)
	at org.springframework.boot.logging.AbstractLoggingSystem.initializeWithConventions(AbstractLoggingSystem.java:73)
	at org.springframework.boot.logging.AbstractLoggingSystem.initialize(AbstractLoggingSystem.java:60)
	at org.springframework.boot.logging.logback.LogbackLoggingSystem.initialize(LogbackLoggingSystem.java:187)
	at org.springframework.boot.context.logging.LoggingApplicationListener.initializeSystem(LoggingApplicationListener.java:332)
	... 19 common frames omitted
	Suppressed: java.lang.NumberFormatException: For input string: "1."
		at java.base/java.lang.NumberFormatException.forInputString(NumberFormatException.java:67)
		at java.base/java.lang.Integer.parseInt(Integer.java:668)
		at java.base/java.lang.Integer.parseInt(Integer.java:784)
		at ch.qos.logback.classic.pattern.NamedConverter.start(NamedConverter.java:92)
		at ch.qos.logback.core.pattern.ConverterUtil.startConverters(ConverterUtil.java:37)
		at ch.qos.logback.core.pattern.PatternLayoutBase.start(PatternLayoutBase.java:90)
		at ch.qos.logback.classic.encoder.PatternLayoutEncoder.start(PatternLayoutEncoder.java:28)
		at ch.qos.logback.core.model.processor.ImplicitModelHandler.postHandleComplex(ImplicitModelHandler.java:208)
		at ch.qos.logback.core.model.processor.ImplicitModelHandler.postHandle(ImplicitModelHandler.java:186)
		at ch.qos.logback.core.model.processor.DefaultProcessor.secondPhaseTraverse(DefaultProcessor.java:257)
		at ch.qos.logback.core.model.processor.DefaultProcessor.secondPhaseTraverse(DefaultProcessor.java:253)
		at ch.qos.logback.core.model.processor.DefaultProcessor.secondPhaseTraverse(DefaultProcessor.java:253)
		at ch.qos.logback.core.model.processor.DefaultProcessor.traversalLoop(DefaultProcessor.java:90)
		at ch.qos.logback.core.model.processor.DefaultProcessor.process(DefaultProcessor.java:106)
		at ch.qos.logback.core.joran.GenericXMLConfigurator.processModel(GenericXMLConfigurator.java:208)
		at org.springframework.boot.logging.logback.SpringBootJoranConfigurator.processModel(SpringBootJoranConfigurator.java:122)
		at ch.qos.logback.core.joran.GenericXMLConfigurator.doConfigure(GenericXMLConfigurator.java:170)
		at ch.qos.logback.core.joran.GenericXMLConfigurator.doConfigure(GenericXMLConfigurator.java:122)
		at ch.qos.logback.core.joran.GenericXMLConfigurator.doConfigure(GenericXMLConfigurator.java:65)
		at org.springframework.boot.logging.logback.LogbackLoggingSystem.configureByResourceUrl(LogbackLoggingSystem.java:279)
		at org.springframework.boot.logging.logback.LogbackLoggingSystem.loadConfiguration(LogbackLoggingSystem.java:242)
		... 24 common frames omitted
2023-09-03 21:27:48,398 ERROR org.springframework.boot.SpringApplication [main] Application run failed
java.lang.IllegalStateException: java.lang.IllegalStateException: Logback configuration error detected: 
ERROR in ch.qos.logback.classic.pattern.LoggerConverter@25a6944c - failed to parse integer string [1.] java.lang.NumberFormatException: For input string: "1."
	at org.springframework.boot.context.logging.LoggingApplicationListener.initializeSystem(LoggingApplicationListener.java:347)
	at org.springframework.boot.context.logging.LoggingApplicationListener.initialize(LoggingApplicationListener.java:298)
	at org.springframework.boot.context.logging.LoggingApplicationListener.onApplicationEnvironmentPreparedEvent(LoggingApplicationListener.java:246)
	at org.springframework.boot.context.logging.LoggingApplicationListener.onApplicationEvent(LoggingApplicationListener.java:223)
	at org.springframework.context.event.SimpleApplicationEventMulticaster.doInvokeListener(SimpleApplicationEventMulticaster.java:172)
	at org.springframework.context.event.SimpleApplicationEventMulticaster.invokeListener(SimpleApplicationEventMulticaster.java:165)
	at org.springframework.context.event.SimpleApplicationEventMulticaster.multicastEvent(SimpleApplicationEventMulticaster.java:143)
	at org.springframework.context.event.SimpleApplicationEventMulticaster.multicastEvent(SimpleApplicationEventMulticaster.java:131)
	at org.springframework.boot.context.event.EventPublishingRunListener.multicastInitialEvent(EventPublishingRunListener.java:136)
	at org.springframework.boot.context.event.EventPublishingRunListener.environmentPrepared(EventPublishingRunListener.java:81)
	at org.springframework.boot.SpringApplicationRunListeners.lambda$environmentPrepared$2(SpringApplicationRunListeners.java:64)
	at java.base/java.lang.Iterable.forEach(Iterable.java:75)
	at org.springframework.boot.SpringApplicationRunListeners.doWithListeners(SpringApplicationRunListeners.java:118)
	at org.springframework.boot.SpringApplicationRunListeners.doWithListeners(SpringApplicationRunListeners.java:112)
	at org.springframework.boot.SpringApplicationRunListeners.environmentPrepared(SpringApplicationRunListeners.java:63)
	at org.springframework.boot.SpringApplication.prepareEnvironment(SpringApplication.java:356)
	at org.springframework.boot.SpringApplication.run(SpringApplication.java:307)
	at org.springframework.boot.SpringApplication.run(SpringApplication.java:1306)
	at org.springframework.boot.SpringApplication.run(SpringApplication.java:1295)
	at io.proj3ct.SpringDemoBot.SpringDemoBotApplication.main(SpringDemoBotApplication.java:10)
Caused by: java.lang.IllegalStateException: Logback configuration error detected: 
ERROR in ch.qos.logback.classic.pattern.LoggerConverter@25a6944c - failed to parse integer string [1.] java.lang.NumberFormatException: For input string: "1."
	at org.springframework.boot.logging.logback.LogbackLoggingSystem.reportConfigurationErrorsIfNecessary(LogbackLoggingSystem.java:269)
	at org.springframework.boot.logging.logback.LogbackLoggingSystem.loadConfiguration(LogbackLoggingSystem.java:247)
	at org.springframework.boot.logging.logback.LogbackLoggingSystem.reinitialize(LogbackLoggingSystem.java:326)
	at org.springframework.boot.logging.AbstractLoggingSystem.initializeWithConventions(AbstractLoggingSystem.java:73)
	at org.springframework.boot.logging.AbstractLoggingSystem.initialize(AbstractLoggingSystem.java:60)
	at org.springframework.boot.logging.logback.LogbackLoggingSystem.initialize(LogbackLoggingSystem.java:187)
	at org.springframework.boot.context.logging.LoggingApplicationListener.initializeSystem(LoggingApplicationListener.java:332)
	... 19 common frames omitted
	Suppressed: java.lang.NumberFormatException: For input string: "1."
		at java.base/java.lang.NumberFormatException.forInputString(NumberFormatException.java:67)
		at java.base/java.lang.Integer.parseInt(Integer.java:668)
		at java.base/java.lang.Integer.parseInt(Integer.java:784)
		at ch.qos.logback.classic.pattern.NamedConverter.start(NamedConverter.java:92)
		at ch.qos.logback.core.pattern.ConverterUtil.startConverters(ConverterUtil.java:37)
		at ch.qos.logback.core.pattern.PatternLayoutBase.start(PatternLayoutBase.java:90)
		at ch.qos.logback.classic.encoder.PatternLayoutEncoder.start(PatternLayoutEncoder.java:28)
		at ch.qos.logback.core.model.processor.ImplicitModelHandler.postHandleComplex(ImplicitModelHandler.java:208)
		at ch.qos.logback.core.model.processor.ImplicitModelHandler.postHandle(ImplicitModelHandler.java:186)
		at ch.qos.logback.core.model.processor.DefaultProcessor.secondPhaseTraverse(DefaultProcessor.java:257)
		at ch.qos.logback.core.model.processor.DefaultProcessor.secondPhaseTraverse(DefaultProcessor.java:253)
		at ch.qos.logback.core.model.processor.DefaultProcessor.secondPhaseTraverse(DefaultProcessor.java:253)
		at ch.qos.logback.core.model.processor.DefaultProcessor.traversalLoop(DefaultProcessor.java:90)
		at ch.qos.logback.core.model.processor.DefaultProcessor.process(DefaultProcessor.java:106)
		at ch.qos.logback.core.joran.GenericXMLConfigurator.processModel(GenericXMLConfigurator.java:208)
		at org.springframework.boot.logging.logback.SpringBootJoranConfigurator.processModel(SpringBootJoranConfigurator.java:122)
		at ch.qos.logback.core.joran.GenericXMLConfigurator.doConfigure(GenericXMLConfigurator.java:170)
		at ch.qos.logback.core.joran.GenericXMLConfigurator.doConfigure(GenericXMLConfigurator.java:122)
		at ch.qos.logback.core.joran.GenericXMLConfigurator.doConfigure(GenericXMLConfigurator.java:65)
		at org.springframework.boot.logging.logback.LogbackLoggingSystem.configureByResourceUrl(LogbackLoggingSystem.java:279)
		at org.springframework.boot.logging.logback.LogbackLoggingSystem.loadConfiguration(LogbackLoggingSystem.java:242)
		... 24 common frames omitted
2023-09-03 21:31:17,419 ERROR org.springframework.boot.SpringApplication [main] Application run failed
java.lang.IllegalStateException: java.lang.IllegalStateException: Logback configuration error detected: 
ERROR in ch.qos.logback.classic.pattern.LoggerConverter@25a6944c - failed to parse integer string [1.] java.lang.NumberFormatException: For input string: "1."
	at org.springframework.boot.context.logging.LoggingApplicationListener.initializeSystem(LoggingApplicationListener.java:347)
	at org.springframework.boot.context.logging.LoggingApplicationListener.initialize(LoggingApplicationListener.java:298)
	at org.springframework.boot.context.logging.LoggingApplicationListener.onApplicationEnvironmentPreparedEvent(LoggingApplicationListener.java:246)
	at org.springframework.boot.context.logging.LoggingApplicationListener.onApplicationEvent(LoggingApplicationListener.java:223)
	at org.springframework.context.event.SimpleApplicationEventMulticaster.doInvokeListener(SimpleApplicationEventMulticaster.java:172)
	at org.springframework.context.event.SimpleApplicationEventMulticaster.invokeListener(SimpleApplicationEventMulticaster.java:165)
	at org.springframework.context.event.SimpleApplicationEventMulticaster.multicastEvent(SimpleApplicationEventMulticaster.java:143)
	at org.springframework.context.event.SimpleApplicationEventMulticaster.multicastEvent(SimpleApplicationEventMulticaster.java:131)
	at org.springframework.boot.context.event.EventPublishingRunListener.multicastInitialEvent(EventPublishingRunListener.java:136)
	at org.springframework.boot.context.event.EventPublishingRunListener.environmentPrepared(EventPublishingRunListener.java:81)
	at org.springframework.boot.SpringApplicationRunListeners.lambda$environmentPrepared$2(SpringApplicationRunListeners.java:64)
	at java.base/java.lang.Iterable.forEach(Iterable.java:75)
	at org.springframework.boot.SpringApplicationRunListeners.doWithListeners(SpringApplicationRunListeners.java:118)
	at org.springframework.boot.SpringApplicationRunListeners.doWithListeners(SpringApplicationRunListeners.java:112)
	at org.springframework.boot.SpringApplicationRunListeners.environmentPrepared(SpringApplicationRunListeners.java:63)
	at org.springframework.boot.SpringApplication.prepareEnvironment(SpringApplication.java:356)
	at org.springframework.boot.SpringApplication.run(SpringApplication.java:307)
	at org.springframework.boot.SpringApplication.run(SpringApplication.java:1306)
	at org.springframework.boot.SpringApplication.run(SpringApplication.java:1295)
	at io.proj3ct.SpringDemoBot.SpringDemoBotApplication.main(SpringDemoBotApplication.java:10)
Caused by: java.lang.IllegalStateException: Logback configuration error detected: 
ERROR in ch.qos.logback.classic.pattern.LoggerConverter@25a6944c - failed to parse integer string [1.] java.lang.NumberFormatException: For input string: "1."
	at org.springframework.boot.logging.logback.LogbackLoggingSystem.reportConfigurationErrorsIfNecessary(LogbackLoggingSystem.java:269)
	at org.springframework.boot.logging.logback.LogbackLoggingSystem.loadConfiguration(LogbackLoggingSystem.java:247)
	at org.springframework.boot.logging.logback.LogbackLoggingSystem.reinitialize(LogbackLoggingSystem.java:326)
	at org.springframework.boot.logging.AbstractLoggingSystem.initializeWithConventions(AbstractLoggingSystem.java:73)
	at org.springframework.boot.logging.AbstractLoggingSystem.initialize(AbstractLoggingSystem.java:60)
	at org.springframework.boot.logging.logback.LogbackLoggingSystem.initialize(LogbackLoggingSystem.java:187)
	at org.springframework.boot.context.logging.LoggingApplicationListener.initializeSystem(LoggingApplicationListener.java:332)
	... 19 common frames omitted
	Suppressed: java.lang.NumberFormatException: For input string: "1."
		at java.base/java.lang.NumberFormatException.forInputString(NumberFormatException.java:67)
		at java.base/java.lang.Integer.parseInt(Integer.java:668)
		at java.base/java.lang.Integer.parseInt(Integer.java:784)
		at ch.qos.logback.classic.pattern.NamedConverter.start(NamedConverter.java:92)
		at ch.qos.logback.core.pattern.ConverterUtil.startConverters(ConverterUtil.java:37)
		at ch.qos.logback.core.pattern.PatternLayoutBase.start(PatternLayoutBase.java:90)
		at ch.qos.logback.classic.encoder.PatternLayoutEncoder.start(PatternLayoutEncoder.java:28)
		at ch.qos.logback.core.model.processor.ImplicitModelHandler.postHandleComplex(ImplicitModelHandler.java:208)
		at ch.qos.logback.core.model.processor.ImplicitModelHandler.postHandle(ImplicitModelHandler.java:186)
		at ch.qos.logback.core.model.processor.DefaultProcessor.secondPhaseTraverse(DefaultProcessor.java:257)
		at ch.qos.logback.core.model.processor.DefaultProcessor.secondPhaseTraverse(DefaultProcessor.java:253)
		at ch.qos.logback.core.model.processor.DefaultProcessor.secondPhaseTraverse(DefaultProcessor.java:253)
		at ch.qos.logback.core.model.processor.DefaultProcessor.traversalLoop(DefaultProcessor.java:90)
		at ch.qos.logback.core.model.processor.DefaultProcessor.process(DefaultProcessor.java:106)
		at ch.qos.logback.core.joran.GenericXMLConfigurator.processModel(GenericXMLConfigurator.java:208)
		at org.springframework.boot.logging.logback.SpringBootJoranConfigurator.processModel(SpringBootJoranConfigurator.java:122)
		at ch.qos.logback.core.joran.GenericXMLConfigurator.doConfigure(GenericXMLConfigurator.java:170)
		at ch.qos.logback.core.joran.GenericXMLConfigurator.doConfigure(GenericXMLConfigurator.java:122)
		at ch.qos.logback.core.joran.GenericXMLConfigurator.doConfigure(GenericXMLConfigurator.java:65)
		at org.springframework.boot.logging.logback.LogbackLoggingSystem.configureByResourceUrl(LogbackLoggingSystem.java:279)
		at org.springframework.boot.logging.logback.LogbackLoggingSystem.loadConfiguration(LogbackLoggingSystem.java:242)
		... 24 common frames omitted
2023-09-03 21:36:41,683 INFO io.proj3ct.SpringDemoBot.SpringDemoBotApplication [main] Starting SpringDemoBotApplication using Java 18.0.2 with PID 24746 (/Users/halfempt/Downloads/SpringDemoBot/target/classes started by halfempt in /Users/halfempt/Downloads/SpringDemoBot)
2023-09-03 21:36:41,701 DEBUG io.proj3ct.SpringDemoBot.SpringDemoBotApplication [main] Running with Spring Boot v3.1.3, Spring v6.0.11
2023-09-03 21:36:41,701 INFO io.proj3ct.SpringDemoBot.SpringDemoBotApplication [main] No active profile set, falling back to 1 default profile: "default"
2023-09-03 21:36:43,048 INFO io.proj3ct.SpringDemoBot.SpringDemoBotApplication [main] Started SpringDemoBotApplication in 1.671 seconds (process running for 2.495)
2023-09-03 21:37:08,639 INFO io.proj3ct.SpringDemoBot.SpringDemoBotApplication [main] Starting SpringDemoBotApplication using Java 18.0.2 with PID 24925 (/Users/halfempt/Downloads/SpringDemoBot/target/classes started by halfempt in /Users/halfempt/Downloads/SpringDemoBot)
2023-09-03 21:37:08,639 DEBUG io.proj3ct.SpringDemoBot.SpringDemoBotApplication [main] Running with Spring Boot v3.1.3, Spring v6.0.11
2023-09-03 21:37:08,640 INFO io.proj3ct.SpringDemoBot.SpringDemoBotApplication [main] No active profile set, falling back to 1 default profile: "default"
2023-09-03 21:37:09,724 INFO io.proj3ct.SpringDemoBot.SpringDemoBotApplication [main] Started SpringDemoBotApplication in 1.358 seconds (process running for 2.094)
2023-09-03 21:37:21,190 INFO io.proj3ct.SpringDemoBot.service.TelegramBot [SpringLaDemoBot Telegram Executor] Replied to user Лазиз
2023-09-03 21:43:32,677 INFO io.proj3ct.SpringDemoBot.SpringDemoBotApplication [main] Starting SpringDemoBotApplication using Java 18.0.2 with PID 27967 (/Users/halfempt/Downloads/SpringDemoBot/target/classes started by halfempt in /Users/halfempt/Downloads/SpringDemoBot)
2023-09-03 21:43:32,687 DEBUG io.proj3ct.SpringDemoBot.SpringDemoBotApplication [main] Running with Spring Boot v3.1.3, Spring v6.0.11
2023-09-03 21:43:32,688 INFO io.proj3ct.SpringDemoBot.SpringDemoBotApplication [main] No active profile set, falling back to 1 default profile: "default"
2023-09-03 21:43:34,038 INFO io.proj3ct.SpringDemoBot.SpringDemoBotApplication [main] Started SpringDemoBotApplication in 1.768 seconds (process running for 2.903)
2023-09-03 21:43:34,478 INFO io.proj3ct.SpringDemoBot.service.TelegramBot [SpringLaDemoBot Telegram Executor] Replied to user Лазиз
2023-09-03 21:43:34,636 INFO io.proj3ct.SpringDemoBot.service.TelegramBot [SpringLaDemoBot Telegram Executor] Replied to user Лазиз
2023-09-03 21:43:38,886 INFO io.proj3ct.SpringDemoBot.service.TelegramBot [SpringLaDemoBot Telegram Executor] Replied to user Лазиз
2023-09-03 21:49:35,619 INFO io.proj3ct.SpringDemoBot.SpringDemoBotApplication [main] Starting SpringDemoBotApplication using Java 18.0.2 with PID 30780 (/Users/halfempt/Downloads/SpringDemoBot/target/classes started by halfempt in /Users/halfempt/Downloads/SpringDemoBot)
2023-09-03 21:49:35,619 DEBUG io.proj3ct.SpringDemoBot.SpringDemoBotApplication [main] Running with Spring Boot v3.1.3, Spring v6.0.11
2023-09-03 21:49:35,620 INFO io.proj3ct.SpringDemoBot.SpringDemoBotApplication [main] No active profile set, falling back to 1 default profile: "default"
2023-09-03 21:49:36,704 INFO io.proj3ct.SpringDemoBot.SpringDemoBotApplication [main] Started SpringDemoBotApplication in 1.619 seconds (process running for 2.377)
2023-09-03 21:50:25,946 INFO io.proj3ct.SpringDemoBot.SpringDemoBotApplication [main] Starting SpringDemoBotApplication using Java 18.0.2 with PID 31248 (/Users/halfempt/Downloads/SpringDemoBot/target/classes started by halfempt in /Users/halfempt/Downloads/SpringDemoBot)
2023-09-03 21:50:25,947 DEBUG io.proj3ct.SpringDemoBot.SpringDemoBotApplication [main] Running with Spring Boot v3.1.3, Spring v6.0.11
2023-09-03 21:50:25,948 INFO io.proj3ct.SpringDemoBot.SpringDemoBotApplication [main] No active profile set, falling back to 1 default profile: "default"
2023-09-03 21:50:27,041 INFO io.proj3ct.SpringDemoBot.SpringDemoBotApplication [main] Started SpringDemoBotApplication in 1.354 seconds (process running for 2.01)
2023-09-03 21:51:36,495 INFO io.proj3ct.SpringDemoBot.SpringDemoBotApplication [main] Starting SpringDemoBotApplication using Java 18.0.2 with PID 31719 (/Users/halfempt/Downloads/SpringDemoBot/target/classes started by halfempt in /Users/halfempt/Downloads/SpringDemoBot)
2023-09-03 21:51:36,495 DEBUG io.proj3ct.SpringDemoBot.SpringDemoBotApplication [main] Running with Spring Boot v3.1.3, Spring v6.0.11
2023-09-03 21:51:36,496 INFO io.proj3ct.SpringDemoBot.SpringDemoBotApplication [main] No active profile set, falling back to 1 default profile: "default"
2023-09-03 21:51:37,763 INFO io.proj3ct.SpringDemoBot.SpringDemoBotApplication [main] Started SpringDemoBotApplication in 1.54 seconds (process running for 2.203)
2023-09-03 21:51:41,945 ERROR io.proj3ct.SpringDemoBot.service.TelegramBot [SpringLaDemoBot Telegram Executor] Replied to user Лазиз
2023-09-03 21:52:32,407 INFO io.proj3ct.SpringDemoBot.SpringDemoBotApplication [main] Starting SpringDemoBotApplication using Java 18.0.2 with PID 32258 (/Users/halfempt/Downloads/SpringDemoBot/target/classes started by halfempt in /Users/halfempt/Downloads/SpringDemoBot)
2023-09-03 21:52:32,408 DEBUG io.proj3ct.SpringDemoBot.SpringDemoBotApplication [main] Running with Spring Boot v3.1.3, Spring v6.0.11
2023-09-03 21:52:32,408 INFO io.proj3ct.SpringDemoBot.SpringDemoBotApplication [main] No active profile set, falling back to 1 default profile: "default"
2023-09-03 21:52:33,929 INFO io.proj3ct.SpringDemoBot.SpringDemoBotApplication [main] Started SpringDemoBotApplication in 1.871 seconds (process running for 2.589)
2023-09-03 22:05:35,433 INFO io.proj3ct.SpringDemoBot.SpringDemoBotApplication [main] Starting SpringDemoBotApplication using Java 18.0.2 with PID 40130 (/Users/halfempt/Downloads/SpringDemoBot/target/classes started by halfempt in /Users/halfempt/Downloads/SpringDemoBot)
2023-09-03 22:05:35,438 DEBUG io.proj3ct.SpringDemoBot.SpringDemoBotApplication [main] Running with Spring Boot v3.1.3, Spring v6.0.11
2023-09-03 22:05:35,439 INFO io.proj3ct.SpringDemoBot.SpringDemoBotApplication [main] No active profile set, falling back to 1 default profile: "default"
2023-09-03 22:05:36,891 INFO io.proj3ct.SpringDemoBot.SpringDemoBotApplication [main] Started SpringDemoBotApplication in 1.805 seconds (process running for 2.842)
2023-09-03 22:11:37,706 INFO io.proj3ct.SpringDemoBot.SpringDemoBotApplication [main] Starting SpringDemoBotApplication using Java 18.0.2 with PID 46853 (/Users/halfempt/Downloads/SpringDemoBot/target/classes started by halfempt in /Users/halfempt/Downloads/SpringDemoBot)
2023-09-03 22:11:37,713 DEBUG io.proj3ct.SpringDemoBot.SpringDemoBotApplication [main] Running with Spring Boot v3.1.3, Spring v6.0.11
2023-09-03 22:11:37,714 INFO io.proj3ct.SpringDemoBot.SpringDemoBotApplication [main] No active profile set, falling back to 1 default profile: "default"
2023-09-03 22:11:39,173 INFO io.proj3ct.SpringDemoBot.SpringDemoBotApplication [main] Started SpringDemoBotApplication in 2.02 seconds (process running for 3.115)
2023-09-03 22:37:24,384 INFO io.proj3ct.SpringDemoBot.SpringDemoBotApplication [main] Starting SpringDemoBotApplication using Java 18.0.2 with PID 26031 (/Users/halfempt/Downloads/SpringDemoBot/target/classes started by halfempt in /Users/halfempt/Downloads/SpringDemoBot)
2023-09-03 22:37:24,385 DEBUG io.proj3ct.SpringDemoBot.SpringDemoBotApplication [main] Running with Spring Boot v3.1.3, Spring v6.0.11
2023-09-03 22:37:24,385 INFO io.proj3ct.SpringDemoBot.SpringDemoBotApplication [main] No active profile set, falling back to 1 default profile: "default"
2023-09-03 22:37:25,745 INFO io.proj3ct.SpringDemoBot.SpringDemoBotApplication [main] Started SpringDemoBotApplication in 1.598 seconds (process running for 2.625)
2023-09-03 22:39:40,033 INFO io.proj3ct.SpringDemoBot.SpringDemoBotApplication [main] Starting SpringDemoBotApplication using Java 18.0.2 with PID 56525 (/Users/halfempt/Downloads/SpringDemoBot/target/classes started by halfempt in /Users/halfempt/Downloads/SpringDemoBot)
2023-09-03 22:39:40,033 DEBUG io.proj3ct.SpringDemoBot.SpringDemoBotApplication [main] Running with Spring Boot v3.1.3, Spring v6.0.11
2023-09-03 22:39:40,034 INFO io.proj3ct.SpringDemoBot.SpringDemoBotApplication [main] No active profile set, falling back to 1 default profile: "default"
2023-09-03 22:39:42,075 INFO io.proj3ct.SpringDemoBot.SpringDemoBotApplication [main] Started SpringDemoBotApplication in 2.282 seconds (process running for 3.406)
2023-09-03 22:39:50,829 INFO io.proj3ct.SpringDemoBot.service.TelegramBot [SpringLaDemoBot Telegram Executor] Replied to user Лазиз
2023-09-03 22:47:25,477 INFO org.springframework.test.context.support.AnnotationConfigContextLoaderUtils [main] Could not detect default configuration classes for test class [io.proj3ct.SpringDemoBot.SpringDemoBotApplicationTests]: SpringDemoBotApplicationTests does not declare any static, non-private, non-final, nested classes annotated with @Configuration.
2023-09-03 22:47:25,637 INFO org.springframework.boot.test.context.SpringBootTestContextBootstrapper [main] Found @SpringBootConfiguration io.proj3ct.SpringDemoBot.SpringDemoBotApplication for test class io.proj3ct.SpringDemoBot.SpringDemoBotApplicationTests
2023-09-03 22:47:26,138 INFO io.proj3ct.SpringDemoBot.SpringDemoBotApplicationTests [main] Starting SpringDemoBotApplicationTests using Java 20.0.1 with PID 65907 (started by halfempt in /Users/halfempt/Downloads/SpringDemoBot)
2023-09-03 22:47:26,138 DEBUG io.proj3ct.SpringDemoBot.SpringDemoBotApplicationTests [main] Running with Spring Boot v3.1.3, Spring v6.0.11
2023-09-03 22:47:26,139 INFO io.proj3ct.SpringDemoBot.SpringDemoBotApplicationTests [main] No active profile set, falling back to 1 default profile: "default"
2023-09-03 22:47:28,072 INFO io.proj3ct.SpringDemoBot.SpringDemoBotApplicationTests [main] Started SpringDemoBotApplicationTests in 2.252 seconds (process running for 3.93)
2023-09-03 22:47:40,109 INFO io.proj3ct.SpringDemoBot.SpringDemoBotApplication [main] Starting SpringDemoBotApplication using Java 18.0.2 with PID 65951 (/Users/halfempt/Downloads/SpringDemoBot/target/classes started by halfempt in /Users/halfempt/Downloads/SpringDemoBot)
2023-09-03 22:47:40,110 DEBUG io.proj3ct.SpringDemoBot.SpringDemoBotApplication [main] Running with Spring Boot v3.1.3, Spring v6.0.11
2023-09-03 22:47:40,110 INFO io.proj3ct.SpringDemoBot.SpringDemoBotApplication [main] No active profile set, falling back to 1 default profile: "default"
2023-09-03 22:47:41,086 INFO io.proj3ct.SpringDemoBot.SpringDemoBotApplication [main] Started SpringDemoBotApplication in 1.182 seconds (process running for 1.814)
2023-09-03 22:48:57,777 INFO io.proj3ct.SpringDemoBot.service.TelegramBot [SpringLaDemoBot Telegram Executor] Replied to user Лазиз
2023-09-03 22:54:14,271 INFO io.proj3ct.SpringDemoBot.SpringDemoBotApplication [main] Starting SpringDemoBotApplication using Java 18.0.2 with PID 68896 (/Users/halfempt/Downloads/SpringDemoBot/target/classes started by halfempt in /Users/halfempt/Downloads/SpringDemoBot)
2023-09-03 22:54:14,272 DEBUG io.proj3ct.SpringDemoBot.SpringDemoBotApplication [main] Running with Spring Boot v3.1.3, Spring v6.0.11
2023-09-03 22:54:14,272 INFO io.proj3ct.SpringDemoBot.SpringDemoBotApplication [main] No active profile set, falling back to 1 default profile: "default"
2023-09-03 22:54:15,251 INFO io.proj3ct.SpringDemoBot.SpringDemoBotApplication [main] Started SpringDemoBotApplication in 1.32 seconds (process running for 1.911)
2023-09-03 22:54:33,612 INFO io.proj3ct.SpringDemoBot.service.TelegramBot [SpringLaDemoBot Telegram Executor] Replied to user Лазиз
2023-09-03 22:54:51,629 INFO org.springframework.test.context.support.AnnotationConfigContextLoaderUtils [main] Could not detect default configuration classes for test class [io.proj3ct.SpringDemoBot.SpringDemoBotApplicationTests]: SpringDemoBotApplicationTests does not declare any static, non-private, non-final, nested classes annotated with @Configuration.
2023-09-03 22:54:51,734 INFO org.springframework.boot.test.context.SpringBootTestContextBootstrapper [main] Found @SpringBootConfiguration io.proj3ct.SpringDemoBot.SpringDemoBotApplication for test class io.proj3ct.SpringDemoBot.SpringDemoBotApplicationTests
2023-09-03 22:54:52,072 INFO io.proj3ct.SpringDemoBot.SpringDemoBotApplicationTests [main] Starting SpringDemoBotApplicationTests using Java 20.0.1 with PID 69208 (started by halfempt in /Users/halfempt/Downloads/SpringDemoBot)
2023-09-03 22:54:52,072 DEBUG io.proj3ct.SpringDemoBot.SpringDemoBotApplicationTests [main] Running with Spring Boot v3.1.3, Spring v6.0.11
2023-09-03 22:54:52,072 INFO io.proj3ct.SpringDemoBot.SpringDemoBotApplicationTests [main] No active profile set, falling back to 1 default profile: "default"
2023-09-03 22:54:53,721 INFO io.proj3ct.SpringDemoBot.SpringDemoBotApplicationTests [main] Started SpringDemoBotApplicationTests in 1.839 seconds (process running for 3.285)
2023-09-03 22:54:53,943 ERROR org.telegram.telegrambots.updatesreceivers.DefaultBotSession [SpringLaDemoBot Telegram Connection] Error executing org.telegram.telegrambots.meta.api.methods.updates.GetUpdates query: [409] Conflict: terminated by other getUpdates request; make sure that only one bot instance is running
org.telegram.telegrambots.meta.exceptions.TelegramApiRequestException: Error executing org.telegram.telegrambots.meta.api.methods.updates.GetUpdates query: [409] Conflict: terminated by other getUpdates request; make sure that only one bot instance is running
	at org.telegram.telegrambots.meta.api.methods.PartialBotApiMethod.deserializeResponseInternal(PartialBotApiMethod.java:54)
	at org.telegram.telegrambots.meta.api.methods.PartialBotApiMethod.deserializeResponseArray(PartialBotApiMethod.java:39)
	at org.telegram.telegrambots.meta.api.methods.updates.GetUpdates.deserializeResponse(GetUpdates.java:83)
	at org.telegram.telegrambots.updatesreceivers.DefaultBotSession$ReaderThread.getUpdatesFromServer(DefaultBotSession.java:258)
	at org.telegram.telegrambots.updatesreceivers.DefaultBotSession$ReaderThread.run(DefaultBotSession.java:188)
2023-09-03 22:55:02,104 INFO io.proj3ct.SpringDemoBot.SpringDemoBotApplication [main] Starting SpringDemoBotApplication using Java 18.0.2 with PID 69358 (/Users/halfempt/Downloads/SpringDemoBot/target/classes started by halfempt in /Users/halfempt/Downloads/SpringDemoBot)
2023-09-03 22:55:02,104 DEBUG io.proj3ct.SpringDemoBot.SpringDemoBotApplication [main] Running with Spring Boot v3.1.3, Spring v6.0.11
2023-09-03 22:55:02,104 INFO io.proj3ct.SpringDemoBot.SpringDemoBotApplication [main] No active profile set, falling back to 1 default profile: "default"
2023-09-03 22:55:03,098 INFO io.proj3ct.SpringDemoBot.SpringDemoBotApplication [main] Started SpringDemoBotApplication in 1.192 seconds (process running for 1.725)
2023-09-03 22:55:07,438 INFO io.proj3ct.SpringDemoBot.service.TelegramBot [SpringLaDemoBot Telegram Executor] Replied to user Лазиз
